<?xml version="1.0" encoding="UTF-8"?>
<!-- Generated by org.testng.reporters.JUnitReportReporter -->
<testsuite hostname="Vishnu" failures="0" tests="1" name="web.log" time="11.923" errors="0" timestamp="2025-05-26T20:33:36 IST" skipped="0">
  <testcase classname="web.log" name="use" time="11.923"/>
</testsuite> <!-- web.log -->
